{"/Users/rajsingh/development/Twitter/src/controllers/tweet-controller.js": {"path":"/Users/rajsingh/development/Twitter/src/controllers/tweet-controller.js","statementMap":{"0":{"start":{"line":1,"column":21},"end":{"line":1,"column":57}},"1":{"start":{"line":3,"column":21},"end":{"line":3,"column":39}},"2":{"start":{"line":5,"column":20},"end":{"line":23,"column":1}},"3":{"start":{"line":6,"column":4},"end":{"line":22,"column":5}},"4":{"start":{"line":7,"column":24},"end":{"line":7,"column":59}},"5":{"start":{"line":8,"column":7},"end":{"line":13,"column":10}},"6":{"start":{"line":16,"column":8},"end":{"line":21,"column":10}},"7":{"start":{"line":25,"column":17},"end":{"line":43,"column":1}},"8":{"start":{"line":26,"column":4},"end":{"line":42,"column":5}},"9":{"start":{"line":27,"column":24},"end":{"line":27,"column":61}},"10":{"start":{"line":28,"column":7},"end":{"line":33,"column":10}},"11":{"start":{"line":36,"column":8},"end":{"line":41,"column":10}},"12":{"start":{"line":45,"column":0},"end":{"line":48,"column":1}}},"fnMap":{"0":{"name":"(anonymous_0)","decl":{"start":{"line":5,"column":20},"end":{"line":5,"column":21}},"loc":{"start":{"line":5,"column":40},"end":{"line":23,"column":1}},"line":5},"1":{"name":"(anonymous_1)","decl":{"start":{"line":25,"column":17},"end":{"line":25,"column":18}},"loc":{"start":{"line":25,"column":37},"end":{"line":43,"column":1}},"line":25}},"branchMap":{},"s":{"0":1,"1":1,"2":1,"3":0,"4":0,"5":0,"6":0,"7":1,"8":1,"9":1,"10":1,"11":0,"12":1},"f":{"0":0,"1":1},"b":{},"_coverageSchema":"1a1c01bbd47fc00a2c39e90264f33305004495a9","hash":"3210bbd98533af693ae69e0085b0a7b12db13884"}
,"/Users/rajsingh/development/Twitter/src/models/comment.js": {"path":"/Users/rajsingh/development/Twitter/src/models/comment.js","statementMap":{"0":{"start":{"line":1,"column":17},"end":{"line":1,"column":36}},"1":{"start":{"line":3,"column":22},"end":{"line":35,"column":22}},"2":{"start":{"line":37,"column":16},"end":{"line":37,"column":56}},"3":{"start":{"line":39,"column":0},"end":{"line":39,"column":25}}},"fnMap":{},"branchMap":{},"s":{"0":2,"1":2,"2":2,"3":2},"f":{},"b":{},"_coverageSchema":"1a1c01bbd47fc00a2c39e90264f33305004495a9","hash":"9d9eee32cc9abfd4f02361c27f0917470dad599a"}
,"/Users/rajsingh/development/Twitter/src/models/hashtag.js": {"path":"/Users/rajsingh/development/Twitter/src/models/hashtag.js","statementMap":{"0":{"start":{"line":1,"column":17},"end":{"line":1,"column":36}},"1":{"start":{"line":3,"column":22},"end":{"line":14,"column":22}},"2":{"start":{"line":16,"column":16},"end":{"line":16,"column":56}},"3":{"start":{"line":17,"column":0},"end":{"line":17,"column":25}}},"fnMap":{},"branchMap":{},"s":{"0":2,"1":2,"2":2,"3":2},"f":{},"b":{},"_coverageSchema":"1a1c01bbd47fc00a2c39e90264f33305004495a9","hash":"cb4cb67e5dded88fc198434f0ab36b007c01c16a"}
,"/Users/rajsingh/development/Twitter/src/models/like.js": {"path":"/Users/rajsingh/development/Twitter/src/models/like.js","statementMap":{"0":{"start":{"line":1,"column":17},"end":{"line":1,"column":36}},"1":{"start":{"line":3,"column":19},"end":{"line":19,"column":22}},"2":{"start":{"line":21,"column":13},"end":{"line":21,"column":47}},"3":{"start":{"line":23,"column":0},"end":{"line":23,"column":22}}},"fnMap":{},"branchMap":{},"s":{"0":2,"1":2,"2":2,"3":2},"f":{},"b":{},"_coverageSchema":"1a1c01bbd47fc00a2c39e90264f33305004495a9","hash":"e4a8394dda183675dd7c3cc415e3c69580ac27d0"}
,"/Users/rajsingh/development/Twitter/src/models/tweet.js": {"path":"/Users/rajsingh/development/Twitter/src/models/tweet.js","statementMap":{"0":{"start":{"line":1,"column":17},"end":{"line":1,"column":36}},"1":{"start":{"line":3,"column":20},"end":{"line":22,"column":22}},"2":{"start":{"line":24,"column":14},"end":{"line":24,"column":50}},"3":{"start":{"line":26,"column":0},"end":{"line":26,"column":23}}},"fnMap":{},"branchMap":{},"s":{"0":3,"1":3,"2":3,"3":3},"f":{},"b":{},"_coverageSchema":"1a1c01bbd47fc00a2c39e90264f33305004495a9","hash":"35761a28ca5cd7591e21ab045b9e40c81210ef5b"}
,"/Users/rajsingh/development/Twitter/src/models/user.js": {"path":"/Users/rajsingh/development/Twitter/src/models/user.js","statementMap":{"0":{"start":{"line":1,"column":17},"end":{"line":1,"column":36}},"1":{"start":{"line":2,"column":15},"end":{"line":2,"column":34}},"2":{"start":{"line":3,"column":12},"end":{"line":3,"column":35}},"3":{"start":{"line":5,"column":19},"end":{"line":19,"column":22}},"4":{"start":{"line":21,"column":0},"end":{"line":26,"column":3}},"5":{"start":{"line":22,"column":4},"end":{"line":22,"column":45}},"6":{"start":{"line":22,"column":38},"end":{"line":22,"column":45}},"7":{"start":{"line":24,"column":17},"end":{"line":24,"column":40}},"8":{"start":{"line":25,"column":4},"end":{"line":25,"column":59}},"9":{"start":{"line":28,"column":0},"end":{"line":30,"column":1}},"10":{"start":{"line":29,"column":4},"end":{"line":29,"column":55}},"11":{"start":{"line":32,"column":0},"end":{"line":36,"column":1}},"12":{"start":{"line":33,"column":4},"end":{"line":35,"column":7}},"13":{"start":{"line":38,"column":13},"end":{"line":38,"column":47}},"14":{"start":{"line":40,"column":0},"end":{"line":40,"column":22}}},"fnMap":{"0":{"name":"(anonymous_0)","decl":{"start":{"line":21,"column":23},"end":{"line":21,"column":24}},"loc":{"start":{"line":21,"column":41},"end":{"line":26,"column":1}},"line":21},"1":{"name":"compare","decl":{"start":{"line":28,"column":46},"end":{"line":28,"column":53}},"loc":{"start":{"line":28,"column":64},"end":{"line":30,"column":1}},"line":28},"2":{"name":"generate","decl":{"start":{"line":32,"column":37},"end":{"line":32,"column":45}},"loc":{"start":{"line":32,"column":48},"end":{"line":36,"column":1}},"line":32}},"branchMap":{"0":{"loc":{"start":{"line":22,"column":4},"end":{"line":22,"column":45}},"type":"if","locations":[{"start":{"line":22,"column":4},"end":{"line":22,"column":45}},{"start":{},"end":{}}],"line":22}},"s":{"0":2,"1":2,"2":2,"3":2,"4":2,"5":0,"6":0,"7":0,"8":0,"9":2,"10":0,"11":2,"12":0,"13":2,"14":2},"f":{"0":0,"1":0,"2":0},"b":{"0":[0,0]},"_coverageSchema":"1a1c01bbd47fc00a2c39e90264f33305004495a9","hash":"f885669d6c6a946c68114e3697b102fa1f1a7c24"}
,"/Users/rajsingh/development/Twitter/src/repository/comment-repository.js": {"path":"/Users/rajsingh/development/Twitter/src/repository/comment-repository.js","statementMap":{"0":{"start":{"line":1,"column":23},"end":{"line":1,"column":51}},"1":{"start":{"line":2,"column":16},"end":{"line":2,"column":44}},"2":{"start":{"line":6,"column":8},"end":{"line":6,"column":23}},"3":{"start":{"line":11,"column":0},"end":{"line":11,"column":35}}},"fnMap":{"0":{"name":"(anonymous_0)","decl":{"start":{"line":5,"column":4},"end":{"line":5,"column":5}},"loc":{"start":{"line":5,"column":17},"end":{"line":7,"column":5}},"line":5}},"branchMap":{},"s":{"0":2,"1":2,"2":0,"3":2},"f":{"0":0},"b":{},"_coverageSchema":"1a1c01bbd47fc00a2c39e90264f33305004495a9","hash":"2e4bbb6dbd89c53230758fc4fb6470da8ac0b4cd"}
,"/Users/rajsingh/development/Twitter/src/repository/crud-repository.js": {"path":"/Users/rajsingh/development/Twitter/src/repository/crud-repository.js","statementMap":{"0":{"start":{"line":3,"column":8},"end":{"line":3,"column":27}},"1":{"start":{"line":7,"column":8},"end":{"line":7,"column":39}},"2":{"start":{"line":11,"column":8},"end":{"line":11,"column":48}},"3":{"start":{"line":15,"column":8},"end":{"line":15,"column":39}},"4":{"start":{"line":19,"column":8},"end":{"line":19,"column":35}},"5":{"start":{"line":23,"column":8},"end":{"line":23,"column":69}},"6":{"start":{"line":27,"column":0},"end":{"line":27,"column":32}}},"fnMap":{"0":{"name":"(anonymous_0)","decl":{"start":{"line":2,"column":4},"end":{"line":2,"column":5}},"loc":{"start":{"line":2,"column":23},"end":{"line":4,"column":5}},"line":2},"1":{"name":"(anonymous_1)","decl":{"start":{"line":6,"column":4},"end":{"line":6,"column":5}},"loc":{"start":{"line":6,"column":23},"end":{"line":8,"column":5}},"line":6},"2":{"name":"(anonymous_2)","decl":{"start":{"line":10,"column":4},"end":{"line":10,"column":5}},"loc":{"start":{"line":10,"column":22},"end":{"line":12,"column":5}},"line":10},"3":{"name":"(anonymous_3)","decl":{"start":{"line":14,"column":4},"end":{"line":14,"column":5}},"loc":{"start":{"line":14,"column":18},"end":{"line":16,"column":5}},"line":14},"4":{"name":"(anonymous_4)","decl":{"start":{"line":18,"column":4},"end":{"line":18,"column":5}},"loc":{"start":{"line":18,"column":19},"end":{"line":20,"column":5}},"line":18},"5":{"name":"(anonymous_5)","decl":{"start":{"line":22,"column":4},"end":{"line":22,"column":5}},"loc":{"start":{"line":22,"column":27},"end":{"line":24,"column":5}},"line":22}},"branchMap":{},"s":{"0":3,"1":0,"2":0,"3":0,"4":0,"5":0,"6":4},"f":{"0":3,"1":0,"2":0,"3":0,"4":0,"5":0},"b":{},"_coverageSchema":"1a1c01bbd47fc00a2c39e90264f33305004495a9","hash":"7776d3bf3722d925d75dbd0e0b1101a1a491b5ce"}
,"/Users/rajsingh/development/Twitter/src/repository/hashtag-repository.js": {"path":"/Users/rajsingh/development/Twitter/src/repository/hashtag-repository.js","statementMap":{"0":{"start":{"line":1,"column":16},"end":{"line":1,"column":44}},"1":{"start":{"line":5,"column":8},"end":{"line":11,"column":9}},"2":{"start":{"line":6,"column":24},"end":{"line":6,"column":50}},"3":{"start":{"line":7,"column":12},"end":{"line":7,"column":23}},"4":{"start":{"line":10,"column":12},"end":{"line":10,"column":31}},"5":{"start":{"line":15,"column":8},"end":{"line":21,"column":9}},"6":{"start":{"line":16,"column":25},"end":{"line":16,"column":55}},"7":{"start":{"line":17,"column":12},"end":{"line":17,"column":24}},"8":{"start":{"line":20,"column":12},"end":{"line":20,"column":31}},"9":{"start":{"line":25,"column":8},"end":{"line":31,"column":9}},"10":{"start":{"line":26,"column":29},"end":{"line":26,"column":64}},"11":{"start":{"line":27,"column":12},"end":{"line":27,"column":28}},"12":{"start":{"line":30,"column":12},"end":{"line":30,"column":31}},"13":{"start":{"line":35,"column":8},"end":{"line":41,"column":9}},"14":{"start":{"line":36,"column":24},"end":{"line":36,"column":50}},"15":{"start":{"line":37,"column":12},"end":{"line":37,"column":23}},"16":{"start":{"line":40,"column":12},"end":{"line":40,"column":31}},"17":{"start":{"line":45,"column":8},"end":{"line":53,"column":9}},"18":{"start":{"line":46,"column":25},"end":{"line":48,"column":35}},"19":{"start":{"line":49,"column":12},"end":{"line":49,"column":24}},"20":{"start":{"line":52,"column":12},"end":{"line":52,"column":31}},"21":{"start":{"line":57,"column":4},"end":{"line":61,"column":6}},"22":{"start":{"line":66,"column":0},"end":{"line":66,"column":35}}},"fnMap":{"0":{"name":"(anonymous_0)","decl":{"start":{"line":4,"column":4},"end":{"line":4,"column":5}},"loc":{"start":{"line":4,"column":23},"end":{"line":12,"column":5}},"line":4},"1":{"name":"(anonymous_1)","decl":{"start":{"line":14,"column":4},"end":{"line":14,"column":5}},"loc":{"start":{"line":14,"column":26},"end":{"line":22,"column":5}},"line":14},"2":{"name":"(anonymous_2)","decl":{"start":{"line":24,"column":4},"end":{"line":24,"column":5}},"loc":{"start":{"line":24,"column":21},"end":{"line":32,"column":5}},"line":24},"3":{"name":"(anonymous_3)","decl":{"start":{"line":34,"column":4},"end":{"line":34,"column":5}},"loc":{"start":{"line":34,"column":17},"end":{"line":42,"column":5}},"line":34},"4":{"name":"(anonymous_4)","decl":{"start":{"line":44,"column":4},"end":{"line":44,"column":5}},"loc":{"start":{"line":44,"column":31},"end":{"line":54,"column":5}},"line":44},"5":{"name":"(anonymous_5)","decl":{"start":{"line":56,"column":4},"end":{"line":56,"column":5}},"loc":{"start":{"line":56,"column":44},"end":{"line":62,"column":1}},"line":56}},"branchMap":{},"s":{"0":2,"1":0,"2":0,"3":0,"4":0,"5":0,"6":0,"7":0,"8":0,"9":0,"10":0,"11":0,"12":0,"13":0,"14":0,"15":0,"16":0,"17":0,"18":0,"19":0,"20":0,"21":0,"22":2},"f":{"0":0,"1":0,"2":0,"3":0,"4":0,"5":0},"b":{},"_coverageSchema":"1a1c01bbd47fc00a2c39e90264f33305004495a9","hash":"bd9522fd5abaa8d002e3e0a3b3bc8f6ef80efe8b"}
,"/Users/rajsingh/development/Twitter/src/repository/index.js": {"path":"/Users/rajsingh/development/Twitter/src/repository/index.js","statementMap":{"0":{"start":{"line":1,"column":0},"end":{"line":7,"column":2}}},"fnMap":{},"branchMap":{},"s":{"0":2},"f":{},"b":{},"_coverageSchema":"1a1c01bbd47fc00a2c39e90264f33305004495a9","hash":"208d064bc20deff5902054447cf8a7630edea801"}
,"/Users/rajsingh/development/Twitter/src/repository/like-repository.js": {"path":"/Users/rajsingh/development/Twitter/src/repository/like-repository.js","statementMap":{"0":{"start":{"line":1,"column":13},"end":{"line":1,"column":38}},"1":{"start":{"line":2,"column":23},"end":{"line":2,"column":51}},"2":{"start":{"line":6,"column":8},"end":{"line":6,"column":20}},"3":{"start":{"line":10,"column":8},"end":{"line":16,"column":9}},"4":{"start":{"line":11,"column":25},"end":{"line":11,"column":49}},"5":{"start":{"line":12,"column":12},"end":{"line":12,"column":24}},"6":{"start":{"line":15,"column":12},"end":{"line":15,"column":24}},"7":{"start":{"line":20,"column":0},"end":{"line":20,"column":32}}},"fnMap":{"0":{"name":"(anonymous_0)","decl":{"start":{"line":5,"column":4},"end":{"line":5,"column":5}},"loc":{"start":{"line":5,"column":17},"end":{"line":7,"column":5}},"line":5},"1":{"name":"(anonymous_1)","decl":{"start":{"line":9,"column":4},"end":{"line":9,"column":5}},"loc":{"start":{"line":9,"column":37},"end":{"line":17,"column":5}},"line":9}},"branchMap":{},"s":{"0":2,"1":2,"2":0,"3":0,"4":0,"5":0,"6":0,"7":2},"f":{"0":0,"1":0},"b":{},"_coverageSchema":"1a1c01bbd47fc00a2c39e90264f33305004495a9","hash":"916ac715dd3abb4fa79c3b7c4d00d46d2bc13f5e"}
,"/Users/rajsingh/development/Twitter/src/repository/tweet-repository.js": {"path":"/Users/rajsingh/development/Twitter/src/repository/tweet-repository.js","statementMap":{"0":{"start":{"line":1,"column":14},"end":{"line":1,"column":40}},"1":{"start":{"line":2,"column":23},"end":{"line":2,"column":51}},"2":{"start":{"line":7,"column":8},"end":{"line":7,"column":21}},"3":{"start":{"line":11,"column":8},"end":{"line":17,"column":9}},"4":{"start":{"line":12,"column":26},"end":{"line":12,"column":50}},"5":{"start":{"line":13,"column":12},"end":{"line":13,"column":25}},"6":{"start":{"line":16,"column":12},"end":{"line":16,"column":24}},"7":{"start":{"line":21,"column":8},"end":{"line":27,"column":9}},"8":{"start":{"line":22,"column":26},"end":{"line":22,"column":50}},"9":{"start":{"line":23,"column":12},"end":{"line":23,"column":25}},"10":{"start":{"line":26,"column":12},"end":{"line":26,"column":24}},"11":{"start":{"line":31,"column":8},"end":{"line":39,"column":9}},"12":{"start":{"line":34,"column":26},"end":{"line":34,"column":80}},"13":{"start":{"line":35,"column":12},"end":{"line":35,"column":25}},"14":{"start":{"line":38,"column":12},"end":{"line":38,"column":24}},"15":{"start":{"line":43,"column":8},"end":{"line":49,"column":9}},"16":{"start":{"line":44,"column":26},"end":{"line":44,"column":70}},"17":{"start":{"line":45,"column":12},"end":{"line":45,"column":25}},"18":{"start":{"line":48,"column":12},"end":{"line":48,"column":24}},"19":{"start":{"line":53,"column":7},"end":{"line":53,"column":63}},"20":{"start":{"line":57,"column":0},"end":{"line":57,"column":33}}},"fnMap":{"0":{"name":"(anonymous_0)","decl":{"start":{"line":6,"column":4},"end":{"line":6,"column":5}},"loc":{"start":{"line":6,"column":17},"end":{"line":8,"column":5}},"line":6},"1":{"name":"(anonymous_1)","decl":{"start":{"line":10,"column":4},"end":{"line":10,"column":5}},"loc":{"start":{"line":10,"column":23},"end":{"line":18,"column":5}},"line":10},"2":{"name":"(anonymous_2)","decl":{"start":{"line":20,"column":4},"end":{"line":20,"column":5}},"loc":{"start":{"line":20,"column":17},"end":{"line":28,"column":5}},"line":20},"3":{"name":"(anonymous_3)","decl":{"start":{"line":30,"column":4},"end":{"line":30,"column":5}},"loc":{"start":{"line":30,"column":29},"end":{"line":40,"column":5}},"line":30},"4":{"name":"(anonymous_4)","decl":{"start":{"line":42,"column":4},"end":{"line":42,"column":5}},"loc":{"start":{"line":42,"column":31},"end":{"line":50,"column":5}},"line":42},"5":{"name":"(anonymous_5)","decl":{"start":{"line":52,"column":4},"end":{"line":52,"column":5}},"loc":{"start":{"line":52,"column":27},"end":{"line":54,"column":5}},"line":52}},"branchMap":{},"s":{"0":3,"1":3,"2":3,"3":2,"4":2,"5":1,"6":1,"7":0,"8":0,"9":0,"10":0,"11":0,"12":0,"13":0,"14":0,"15":1,"16":1,"17":1,"18":0,"19":0,"20":3},"f":{"0":3,"1":2,"2":0,"3":0,"4":1,"5":0},"b":{},"_coverageSchema":"1a1c01bbd47fc00a2c39e90264f33305004495a9","hash":"8ffefd717a8d1b5705076a3d328e070a6a0645d9"}
,"/Users/rajsingh/development/Twitter/src/repository/user-repository.js": {"path":"/Users/rajsingh/development/Twitter/src/repository/user-repository.js","statementMap":{"0":{"start":{"line":1,"column":13},"end":{"line":1,"column":38}},"1":{"start":{"line":2,"column":23},"end":{"line":2,"column":51}},"2":{"start":{"line":6,"column":8},"end":{"line":6,"column":20}},"3":{"start":{"line":10,"column":8},"end":{"line":10,"column":45}},"4":{"start":{"line":14,"column":8},"end":{"line":19,"column":9}},"5":{"start":{"line":15,"column":29},"end":{"line":15,"column":53}},"6":{"start":{"line":16,"column":12},"end":{"line":16,"column":28}},"7":{"start":{"line":18,"column":12},"end":{"line":18,"column":24}},"8":{"start":{"line":23,"column":0},"end":{"line":23,"column":32}}},"fnMap":{"0":{"name":"(anonymous_0)","decl":{"start":{"line":5,"column":4},"end":{"line":5,"column":5}},"loc":{"start":{"line":5,"column":18},"end":{"line":7,"column":5}},"line":5},"1":{"name":"(anonymous_1)","decl":{"start":{"line":9,"column":4},"end":{"line":9,"column":5}},"loc":{"start":{"line":9,"column":28},"end":{"line":11,"column":5}},"line":9},"2":{"name":"(anonymous_2)","decl":{"start":{"line":13,"column":4},"end":{"line":13,"column":5}},"loc":{"start":{"line":13,"column":23},"end":{"line":20,"column":5}},"line":13}},"branchMap":{},"s":{"0":2,"1":2,"2":0,"3":0,"4":0,"5":0,"6":0,"7":0,"8":2},"f":{"0":0,"1":0,"2":0},"b":{},"_coverageSchema":"1a1c01bbd47fc00a2c39e90264f33305004495a9","hash":"111f1da1442e75b283b21f83d20c6c76cb5b5140"}
,"/Users/rajsingh/development/Twitter/src/services/tweet-service.js": {"path":"/Users/rajsingh/development/Twitter/src/services/tweet-service.js","statementMap":{"0":{"start":{"line":1,"column":47},"end":{"line":1,"column":77}},"1":{"start":{"line":5,"column":8},"end":{"line":5,"column":53}},"2":{"start":{"line":6,"column":8},"end":{"line":6,"column":57}},"3":{"start":{"line":10,"column":24},"end":{"line":10,"column":36}},"4":{"start":{"line":13,"column":19},"end":{"line":13,"column":51}},"5":{"start":{"line":14,"column":8},"end":{"line":14,"column":91}},"6":{"start":{"line":14,"column":38},"end":{"line":14,"column":54}},"7":{"start":{"line":14,"column":67},"end":{"line":14,"column":84}},"8":{"start":{"line":17,"column":22},"end":{"line":17,"column":61}},"9":{"start":{"line":20,"column":33},"end":{"line":20,"column":78}},"10":{"start":{"line":21,"column":35},"end":{"line":21,"column":75}},"11":{"start":{"line":21,"column":65},"end":{"line":21,"column":74}},"12":{"start":{"line":24,"column":22},"end":{"line":24,"column":75}},"13":{"start":{"line":24,"column":41},"end":{"line":24,"column":74}},"14":{"start":{"line":27,"column":8},"end":{"line":29,"column":11}},"15":{"start":{"line":28,"column":12},"end":{"line":28,"column":55}},"16":{"start":{"line":31,"column":28},"end":{"line":31,"column":76}},"17":{"start":{"line":34,"column":8},"end":{"line":36,"column":9}},"18":{"start":{"line":35,"column":12},"end":{"line":35,"column":79}},"19":{"start":{"line":39,"column":27},"end":{"line":42,"column":9}},"20":{"start":{"line":40,"column":45},"end":{"line":40,"column":52}},"21":{"start":{"line":41,"column":38},"end":{"line":41,"column":45}},"22":{"start":{"line":45,"column":8},"end":{"line":47,"column":11}},"23":{"start":{"line":49,"column":8},"end":{"line":49,"column":21}},"24":{"start":{"line":53,"column":22},"end":{"line":53,"column":73}},"25":{"start":{"line":54,"column":8},"end":{"line":54,"column":21}},"26":{"start":{"line":58,"column":0},"end":{"line":58,"column":30}}},"fnMap":{"0":{"name":"(anonymous_0)","decl":{"start":{"line":4,"column":4},"end":{"line":4,"column":5}},"loc":{"start":{"line":4,"column":18},"end":{"line":7,"column":5}},"line":4},"1":{"name":"(anonymous_1)","decl":{"start":{"line":9,"column":4},"end":{"line":9,"column":5}},"loc":{"start":{"line":9,"column":23},"end":{"line":50,"column":5}},"line":9},"2":{"name":"(anonymous_2)","decl":{"start":{"line":14,"column":31},"end":{"line":14,"column":32}},"loc":{"start":{"line":14,"column":38},"end":{"line":14,"column":54}},"line":14},"3":{"name":"(anonymous_3)","decl":{"start":{"line":14,"column":60},"end":{"line":14,"column":61}},"loc":{"start":{"line":14,"column":67},"end":{"line":14,"column":84}},"line":14},"4":{"name":"(anonymous_4)","decl":{"start":{"line":21,"column":58},"end":{"line":21,"column":59}},"loc":{"start":{"line":21,"column":65},"end":{"line":21,"column":74}},"line":21},"5":{"name":"(anonymous_5)","decl":{"start":{"line":24,"column":34},"end":{"line":24,"column":35}},"loc":{"start":{"line":24,"column":41},"end":{"line":24,"column":74}},"line":24},"6":{"name":"(anonymous_6)","decl":{"start":{"line":27,"column":30},"end":{"line":27,"column":31}},"loc":{"start":{"line":27,"column":37},"end":{"line":29,"column":9}},"line":27},"7":{"name":"(anonymous_7)","decl":{"start":{"line":40,"column":38},"end":{"line":40,"column":39}},"loc":{"start":{"line":40,"column":45},"end":{"line":40,"column":52}},"line":40},"8":{"name":"(anonymous_8)","decl":{"start":{"line":41,"column":31},"end":{"line":41,"column":32}},"loc":{"start":{"line":41,"column":38},"end":{"line":41,"column":45}},"line":41},"9":{"name":"(anonymous_9)","decl":{"start":{"line":52,"column":4},"end":{"line":52,"column":5}},"loc":{"start":{"line":52,"column":22},"end":{"line":55,"column":5}},"line":52}},"branchMap":{"0":{"loc":{"start":{"line":14,"column":15},"end":{"line":14,"column":90}},"type":"cond-expr","locations":[{"start":{"line":14,"column":22},"end":{"line":14,"column":85}},{"start":{"line":14,"column":88},"end":{"line":14,"column":90}}],"line":14}},"s":{"0":1,"1":0,"2":0,"3":0,"4":0,"5":0,"6":0,"7":0,"8":0,"9":0,"10":0,"11":0,"12":0,"13":0,"14":0,"15":0,"16":0,"17":0,"18":0,"19":0,"20":0,"21":0,"22":0,"23":0,"24":0,"25":0,"26":1},"f":{"0":0,"1":0,"2":0,"3":0,"4":0,"5":0,"6":0,"7":0,"8":0,"9":0},"b":{"0":[0,0]},"_coverageSchema":"1a1c01bbd47fc00a2c39e90264f33305004495a9","hash":"aec4386048ef38be249a714e4246e5629d19f8d1"}
,"/Users/rajsingh/development/Twitter/src/services/user-service.js": {"path":"/Users/rajsingh/development/Twitter/src/services/user-service.js","statementMap":{"0":{"start":{"line":1,"column":27},"end":{"line":1,"column":57}},"1":{"start":{"line":5,"column":8},"end":{"line":5,"column":51}},"2":{"start":{"line":10,"column":29},"end":{"line":10,"column":77}},"3":{"start":{"line":12,"column":8},"end":{"line":17,"column":9}},"4":{"start":{"line":13,"column":12},"end":{"line":16,"column":15}},"5":{"start":{"line":18,"column":8},"end":{"line":18,"column":48}},"6":{"start":{"line":22,"column":29},"end":{"line":22,"column":77}},"7":{"start":{"line":24,"column":8},"end":{"line":28,"column":9}},"8":{"start":{"line":25,"column":26},"end":{"line":25,"column":58}},"9":{"start":{"line":26,"column":12},"end":{"line":26,"column":35}},"10":{"start":{"line":27,"column":12},"end":{"line":27,"column":24}},"11":{"start":{"line":30,"column":8},"end":{"line":30,"column":48}},"12":{"start":{"line":34,"column":8},"end":{"line":40,"column":9}},"13":{"start":{"line":35,"column":25},"end":{"line":35,"column":66}},"14":{"start":{"line":36,"column":12},"end":{"line":36,"column":24}},"15":{"start":{"line":39,"column":12},"end":{"line":39,"column":24}},"16":{"start":{"line":44,"column":8},"end":{"line":61,"column":9}},"17":{"start":{"line":45,"column":25},"end":{"line":45,"column":62}},"18":{"start":{"line":46,"column":12},"end":{"line":50,"column":13}},"19":{"start":{"line":47,"column":16},"end":{"line":49,"column":18}},"20":{"start":{"line":51,"column":12},"end":{"line":55,"column":13}},"21":{"start":{"line":52,"column":16},"end":{"line":54,"column":18}},"22":{"start":{"line":56,"column":26},"end":{"line":56,"column":39}},"23":{"start":{"line":57,"column":12},"end":{"line":57,"column":25}},"24":{"start":{"line":60,"column":12},"end":{"line":60,"column":24}},"25":{"start":{"line":65,"column":0},"end":{"line":65,"column":29}}},"fnMap":{"0":{"name":"(anonymous_0)","decl":{"start":{"line":4,"column":4},"end":{"line":4,"column":5}},"loc":{"start":{"line":4,"column":17},"end":{"line":6,"column":5}},"line":4},"1":{"name":"(anonymous_1)","decl":{"start":{"line":8,"column":4},"end":{"line":8,"column":5}},"loc":{"start":{"line":8,"column":26},"end":{"line":19,"column":5}},"line":8},"2":{"name":"(anonymous_2)","decl":{"start":{"line":21,"column":4},"end":{"line":21,"column":5}},"loc":{"start":{"line":21,"column":23},"end":{"line":31,"column":5}},"line":21},"3":{"name":"(anonymous_3)","decl":{"start":{"line":33,"column":4},"end":{"line":33,"column":5}},"loc":{"start":{"line":33,"column":32},"end":{"line":41,"column":5}},"line":33},"4":{"name":"(anonymous_4)","decl":{"start":{"line":43,"column":4},"end":{"line":43,"column":5}},"loc":{"start":{"line":43,"column":23},"end":{"line":62,"column":5}},"line":43}},"branchMap":{"0":{"loc":{"start":{"line":12,"column":8},"end":{"line":17,"column":9}},"type":"if","locations":[{"start":{"line":12,"column":8},"end":{"line":17,"column":9}},{"start":{},"end":{}}],"line":12},"1":{"loc":{"start":{"line":24,"column":8},"end":{"line":28,"column":9}},"type":"if","locations":[{"start":{"line":24,"column":8},"end":{"line":28,"column":9}},{"start":{},"end":{}}],"line":24},"2":{"loc":{"start":{"line":46,"column":12},"end":{"line":50,"column":13}},"type":"if","locations":[{"start":{"line":46,"column":12},"end":{"line":50,"column":13}},{"start":{},"end":{}}],"line":46},"3":{"loc":{"start":{"line":51,"column":12},"end":{"line":55,"column":13}},"type":"if","locations":[{"start":{"line":51,"column":12},"end":{"line":55,"column":13}},{"start":{},"end":{}}],"line":51}},"s":{"0":1,"1":1,"2":0,"3":0,"4":0,"5":0,"6":1,"7":1,"8":0,"9":0,"10":0,"11":1,"12":0,"13":0,"14":0,"15":0,"16":0,"17":0,"18":0,"19":0,"20":0,"21":0,"22":0,"23":0,"24":0,"25":1},"f":{"0":1,"1":0,"2":1,"3":0,"4":0},"b":{"0":[0,0],"1":[0,1],"2":[0,0],"3":[0,0]},"_coverageSchema":"1a1c01bbd47fc00a2c39e90264f33305004495a9","hash":"e70f5a93d2e24683b8305987b8da7e04f5f73a7d"}
,"/Users/rajsingh/development/Twitter/tests/mocker.js": {"path":"/Users/rajsingh/development/Twitter/tests/mocker.js","statementMap":{"0":{"start":{"line":1,"column":21},"end":{"line":15,"column":1}},"1":{"start":{"line":2,"column":14},"end":{"line":2,"column":16}},"2":{"start":{"line":5,"column":2},"end":{"line":5,"column":44}},"3":{"start":{"line":9,"column":2},"end":{"line":9,"column":46}},"4":{"start":{"line":12,"column":2},"end":{"line":12,"column":44}},"5":{"start":{"line":14,"column":2},"end":{"line":14,"column":13}},"6":{"start":{"line":17,"column":20},"end":{"line":30,"column":1}},"7":{"start":{"line":18,"column":14},"end":{"line":18,"column":16}},"8":{"start":{"line":21,"column":2},"end":{"line":21,"column":16}},"9":{"start":{"line":24,"column":2},"end":{"line":24,"column":18}},"10":{"start":{"line":27,"column":2},"end":{"line":27,"column":17}},"11":{"start":{"line":29,"column":2},"end":{"line":29,"column":13}},"12":{"start":{"line":32,"column":0},"end":{"line":35,"column":2}}},"fnMap":{"0":{"name":"(anonymous_0)","decl":{"start":{"line":1,"column":21},"end":{"line":1,"column":22}},"loc":{"start":{"line":1,"column":27},"end":{"line":15,"column":1}},"line":1},"1":{"name":"(anonymous_1)","decl":{"start":{"line":17,"column":20},"end":{"line":17,"column":21}},"loc":{"start":{"line":17,"column":26},"end":{"line":30,"column":1}},"line":17}},"branchMap":{},"s":{"0":1,"1":1,"2":1,"3":1,"4":1,"5":1,"6":1,"7":1,"8":1,"9":1,"10":1,"11":1,"12":1},"f":{"0":1,"1":1},"b":{},"_coverageSchema":"1a1c01bbd47fc00a2c39e90264f33305004495a9","hash":"e0a935d5759ffb399baa42d5e4ace60ff5848ad2"}
}
