TN:
SF:src/controllers/tweet-controller.js
FN:5,(anonymous_0)
FN:25,(anonymous_1)
FNF:2
FNH:1
FNDA:0,(anonymous_0)
FNDA:1,(anonymous_1)
DA:1,1
DA:3,1
DA:5,1
DA:6,0
DA:7,0
DA:8,0
DA:16,0
DA:25,1
DA:26,1
DA:27,1
DA:28,1
DA:36,0
DA:45,1
LF:13
LH:8
BRF:0
BRH:0
end_of_record
TN:
SF:src/models/comment.js
FNF:0
FNH:0
DA:1,2
DA:3,2
DA:37,2
DA:39,2
LF:4
LH:4
BRF:0
BRH:0
end_of_record
TN:
SF:src/models/hashtag.js
FNF:0
FNH:0
DA:1,2
DA:3,2
DA:16,2
DA:17,2
LF:4
LH:4
BRF:0
BRH:0
end_of_record
TN:
SF:src/models/like.js
FNF:0
FNH:0
DA:1,2
DA:3,2
DA:21,2
DA:23,2
LF:4
LH:4
BRF:0
BRH:0
end_of_record
TN:
SF:src/models/tweet.js
FNF:0
FNH:0
DA:1,3
DA:3,3
DA:24,3
DA:26,3
LF:4
LH:4
BRF:0
BRH:0
end_of_record
TN:
SF:src/models/user.js
FN:21,(anonymous_0)
FN:28,compare
FN:32,generate
FNF:3
FNH:0
FNDA:0,(anonymous_0)
FNDA:0,compare
FNDA:0,generate
DA:1,2
DA:2,2
DA:3,2
DA:5,2
DA:21,2
DA:22,0
DA:24,0
DA:25,0
DA:28,2
DA:29,0
DA:32,2
DA:33,0
DA:38,2
DA:40,2
LF:14
LH:9
BRDA:22,0,0,0
BRDA:22,0,1,0
BRF:2
BRH:0
end_of_record
TN:
SF:src/repository/comment-repository.js
FN:5,(anonymous_0)
FNF:1
FNH:0
FNDA:0,(anonymous_0)
DA:1,2
DA:2,2
DA:6,0
DA:11,2
LF:4
LH:3
BRF:0
BRH:0
end_of_record
TN:
SF:src/repository/crud-repository.js
FN:2,(anonymous_0)
FN:6,(anonymous_1)
FN:10,(anonymous_2)
FN:14,(anonymous_3)
FN:18,(anonymous_4)
FN:22,(anonymous_5)
FNF:6
FNH:1
FNDA:3,(anonymous_0)
FNDA:0,(anonymous_1)
FNDA:0,(anonymous_2)
FNDA:0,(anonymous_3)
FNDA:0,(anonymous_4)
FNDA:0,(anonymous_5)
DA:3,3
DA:7,0
DA:11,0
DA:15,0
DA:19,0
DA:23,0
DA:27,4
LF:7
LH:2
BRF:0
BRH:0
end_of_record
TN:
SF:src/repository/hashtag-repository.js
FN:4,(anonymous_0)
FN:14,(anonymous_1)
FN:24,(anonymous_2)
FN:34,(anonymous_3)
FN:44,(anonymous_4)
FN:56,(anonymous_5)
FNF:6
FNH:0
FNDA:0,(anonymous_0)
FNDA:0,(anonymous_1)
FNDA:0,(anonymous_2)
FNDA:0,(anonymous_3)
FNDA:0,(anonymous_4)
FNDA:0,(anonymous_5)
DA:1,2
DA:5,0
DA:6,0
DA:7,0
DA:10,0
DA:15,0
DA:16,0
DA:17,0
DA:20,0
DA:25,0
DA:26,0
DA:27,0
DA:30,0
DA:35,0
DA:36,0
DA:37,0
DA:40,0
DA:45,0
DA:46,0
DA:49,0
DA:52,0
DA:57,0
DA:66,2
LF:23
LH:2
BRF:0
BRH:0
end_of_record
TN:
SF:src/repository/index.js
FNF:0
FNH:0
DA:1,2
LF:1
LH:1
BRF:0
BRH:0
end_of_record
TN:
SF:src/repository/like-repository.js
FN:5,(anonymous_0)
FN:9,(anonymous_1)
FNF:2
FNH:0
FNDA:0,(anonymous_0)
FNDA:0,(anonymous_1)
DA:1,2
DA:2,2
DA:6,0
DA:10,0
DA:11,0
DA:12,0
DA:15,0
DA:20,2
LF:8
LH:3
BRF:0
BRH:0
end_of_record
TN:
SF:src/repository/tweet-repository.js
FN:6,(anonymous_0)
FN:10,(anonymous_1)
FN:20,(anonymous_2)
FN:30,(anonymous_3)
FN:42,(anonymous_4)
FN:52,(anonymous_5)
FNF:6
FNH:3
FNDA:3,(anonymous_0)
FNDA:2,(anonymous_1)
FNDA:0,(anonymous_2)
FNDA:0,(anonymous_3)
FNDA:1,(anonymous_4)
FNDA:0,(anonymous_5)
DA:1,3
DA:2,3
DA:7,3
DA:11,2
DA:12,2
DA:13,1
DA:16,1
DA:21,0
DA:22,0
DA:23,0
DA:26,0
DA:31,0
DA:34,0
DA:35,0
DA:38,0
DA:43,1
DA:44,1
DA:45,1
DA:48,0
DA:53,0
DA:57,3
LF:21
LH:11
BRF:0
BRH:0
end_of_record
TN:
SF:src/repository/user-repository.js
FN:5,(anonymous_0)
FN:9,(anonymous_1)
FN:13,(anonymous_2)
FNF:3
FNH:0
FNDA:0,(anonymous_0)
FNDA:0,(anonymous_1)
FNDA:0,(anonymous_2)
DA:1,2
DA:2,2
DA:6,0
DA:10,0
DA:14,0
DA:15,0
DA:16,0
DA:18,0
DA:23,2
LF:9
LH:3
BRF:0
BRH:0
end_of_record
TN:
SF:src/services/tweet-service.js
FN:4,(anonymous_0)
FN:9,(anonymous_1)
FN:14,(anonymous_2)
FN:14,(anonymous_3)
FN:21,(anonymous_4)
FN:24,(anonymous_5)
FN:27,(anonymous_6)
FN:40,(anonymous_7)
FN:41,(anonymous_8)
FN:52,(anonymous_9)
FNF:10
FNH:0
FNDA:0,(anonymous_0)
FNDA:0,(anonymous_1)
FNDA:0,(anonymous_2)
FNDA:0,(anonymous_3)
FNDA:0,(anonymous_4)
FNDA:0,(anonymous_5)
FNDA:0,(anonymous_6)
FNDA:0,(anonymous_7)
FNDA:0,(anonymous_8)
FNDA:0,(anonymous_9)
DA:1,1
DA:5,0
DA:6,0
DA:10,0
DA:13,0
DA:14,0
DA:17,0
DA:20,0
DA:21,0
DA:24,0
DA:27,0
DA:28,0
DA:31,0
DA:34,0
DA:35,0
DA:39,0
DA:40,0
DA:41,0
DA:45,0
DA:49,0
DA:53,0
DA:54,0
DA:58,1
LF:23
LH:2
BRDA:14,0,0,0
BRDA:14,0,1,0
BRF:2
BRH:0
end_of_record
TN:
SF:src/services/user-service.js
FN:4,(anonymous_0)
FN:8,(anonymous_1)
FN:21,(anonymous_2)
FN:33,(anonymous_3)
FN:43,(anonymous_4)
FNF:5
FNH:2
FNDA:1,(anonymous_0)
FNDA:0,(anonymous_1)
FNDA:1,(anonymous_2)
FNDA:0,(anonymous_3)
FNDA:0,(anonymous_4)
DA:1,1
DA:5,1
DA:10,0
DA:12,0
DA:13,0
DA:18,0
DA:22,1
DA:24,1
DA:25,0
DA:26,0
DA:27,0
DA:30,1
DA:34,0
DA:35,0
DA:36,0
DA:39,0
DA:44,0
DA:45,0
DA:46,0
DA:47,0
DA:51,0
DA:52,0
DA:56,0
DA:57,0
DA:60,0
DA:65,1
LF:26
LH:6
BRDA:12,0,0,0
BRDA:12,0,1,0
BRDA:24,1,0,0
BRDA:24,1,1,1
BRDA:46,2,0,0
BRDA:46,2,1,0
BRDA:51,3,0,0
BRDA:51,3,1,0
BRF:8
BRH:1
end_of_record
TN:
SF:tests/mocker.js
FN:1,(anonymous_0)
FN:17,(anonymous_1)
FNF:2
FNH:2
FNDA:1,(anonymous_0)
FNDA:1,(anonymous_1)
DA:1,1
DA:2,1
DA:5,1
DA:9,1
DA:12,1
DA:14,1
DA:17,1
DA:18,1
DA:21,1
DA:24,1
DA:27,1
DA:29,1
DA:32,1
LF:13
LH:13
BRF:0
BRH:0
end_of_record
